0 info it worked if it ends with ok
1 verbose cli [ '/usr/local/nvm/v6.9.5/bin/node',
1 verbose cli   '/usr/local/bin/npm',
1 verbose cli   'run',
1 verbose cli   'start' ]
2 info using npm@3.10.10
3 info using node@v6.9.5
4 verbose run-script [ 'prestart', 'start', 'poststart' ]
5 info lifecycle ccaf-web@0.4.0~prestart: ccaf-web@0.4.0
6 silly lifecycle ccaf-web@0.4.0~prestart: no script for prestart, continuing
7 info lifecycle ccaf-web@0.4.0~start: ccaf-web@0.4.0
8 verbose lifecycle ccaf-web@0.4.0~start: unsafe-perm in lifecycle true
9 verbose lifecycle ccaf-web@0.4.0~start: PATH: /usr/local/nvm/v6.9.5/lib/node_modules/npm/bin/node-gyp-bin:/home/iwells2/ccaf-web/node_modules/.bin:/usr/local/nvm/v6.9.5/bin:/usr/local/sbin:/usr/local/bin:/usr/sbin:/usr/bin:/sbin:/bin:/snap/bin
10 verbose lifecycle ccaf-web@0.4.0~start: CWD: /home/iwells2/ccaf-web
11 silly lifecycle ccaf-web@0.4.0~start: Args: [ '-c', 'node server/main' ]
12 silly lifecycle ccaf-web@0.4.0~start: Returned: code: 7  signal: null
13 info lifecycle ccaf-web@0.4.0~start: Failed to exec start script
14 verbose stack Error: ccaf-web@0.4.0 start: `node server/main`
14 verbose stack Exit status 7
14 verbose stack     at EventEmitter.<anonymous> (/usr/local/nvm/v6.9.5/lib/node_modules/npm/lib/utils/lifecycle.js:255:16)
14 verbose stack     at emitTwo (events.js:106:13)
14 verbose stack     at EventEmitter.emit (events.js:191:7)
14 verbose stack     at ChildProcess.<anonymous> (/usr/local/nvm/v6.9.5/lib/node_modules/npm/lib/utils/spawn.js:40:14)
14 verbose stack     at emitTwo (events.js:106:13)
14 verbose stack     at ChildProcess.emit (events.js:191:7)
14 verbose stack     at maybeClose (internal/child_process.js:877:16)
14 verbose stack     at Process.ChildProcess._handle.onexit (internal/child_process.js:226:5)
15 verbose pkgid ccaf-web@0.4.0
16 verbose cwd /home/iwells2/ccaf-web/server
17 error Linux 4.4.0-83-generic
18 error argv "/usr/local/nvm/v6.9.5/bin/node" "/usr/local/bin/npm" "run" "start"
19 error node v6.9.5
20 error npm  v3.10.10
21 error code ELIFECYCLE
22 error ccaf-web@0.4.0 start: `node server/main`
22 error Exit status 7
23 error Failed at the ccaf-web@0.4.0 start script 'node server/main'.
23 error Make sure you have the latest version of node.js and npm installed.
23 error If you do, this is most likely a problem with the ccaf-web package,
23 error not with npm itself.
23 error Tell the author that this fails on your system:
23 error     node server/main
23 error You can get information on how to open an issue for this project with:
23 error     npm bugs ccaf-web
23 error Or if that isn't available, you can get their info via:
23 error     npm owner ls ccaf-web
23 error There is likely additional logging output above.
24 verbose exit [ 1, true ]
